<?xml version="1.0" encoding="UTF-8"?>
<!-- Generated by org.testng.reporters.JUnitReportReporter -->
<testsuite skipped="0" hostname="LAPTOP-4RLFGVFV" name="com.tests.JbkLogin" tests="1" failures="0" timestamp="30 Apr 2024 17:24:27 GMT" time="3.778" errors="0">
  <testcase name="verifyLogin" time="3.778" classname="com.tests.JbkLogin"/>
</testsuite> <!-- com.tests.JbkLogin -->
