<?xml version="1.0" encoding="UTF-8"?>
<!-- Generated by org.testng.reporters.JUnitReportReporter -->
<testsuite skipped="0" hostname="LAPTOP-4RLFGVFV" name="com.tests.WCartAutoItEx" tests="1" failures="0" timestamp="13 May 2024 13:36:00 GMT" time="19.145" errors="0">
  <testcase name="verifyImageUpload" time="19.145" classname="com.tests.WCartAutoItEx"/>
</testsuite> <!-- com.tests.WCartAutoItEx -->
